<?xml version="1.0" encoding="UTF-8"?>
<wrongroot xmlns:beans="http://www.springframework.org/schema/beans"
  xmlns:xsi="http://www.w3.org/2001/XMLSchema-instance"
  xsi:noNamespaceSchemaLocation="jvxml-implementation-0-7.xsd">
  <repository>deschd</repository>
  <classpath>src/test/java</classpath>
  <beans:bean
    class="org.jvoicexml.implementation.jvxml.DesktopTelephonySupportFactory">
    <beans:property name="instances" value="1" />
  </beans:bean>
</wrongroot>
